<?xml version="1.0" encoding="UTF-8"?>
<!-- Generated by org.testng.reporters.JUnitReportReporter -->
<testsuite skipped="0" hostname="PRO-ECARE-SEETARAM" name="nl.prowareness.restapiautomation.RestTest" tests="1" failures="0" timestamp="03 Oct 2018 14:17:04 GMT" time="1.708" errors="0">
  <testcase name="getRequestFindCapital" time="1.708" classname="nl.prowareness.restapiautomation.RestTest"/>
</testsuite> <!-- nl.prowareness.restapiautomation.RestTest -->
